2022-09-05 22:25:37	[LOG]:	Connecting to apex..
2022-09-05 22:25:37	[LOG]:	Connecting to apex_sys..
2022-09-05 22:25:37	[LOG]:	Database Connected
2022-09-05 22:25:37	[LOG]:	Service started
2022-09-05 22:25:37	[LOG]:	[HTTP] Listening at : 3000
2022-09-05 22:25:43	[LOG]:	RECV, /api/v1/institutions/1030, GET /api/v1/institutions/1030, 
HEADER :
[User-Agent]=PostmanRuntime/7.29.2
[Content-Length]=0
empty body
2022-09-05 22:25:43	[LOG]:	SEND, [::1]:53072, /api/v1/institutions/1030, 
RESPONSE : 
{
    "meta": {
        "message": "Get institution detail succeeded",
        "status": "success"
    },
    "data": {
        "vendor": "USSI Holding",
        "nama_lembaga": "BPRKS Azmira Sejahtera",
        "alamat": "Jl. Paseh Kaler no.17, Kabupaten Sumedang",
        "kontak": "09274636623",
        "apex_norek": "1030",
        "saldo_akhir": 0,
        "plafond": 0,
        "status_tab": "1"
    }
}
2022-09-05 22:25:57	[LOG]:	SEND, [::1]:53072, /api/v1/version, 
RESPONSE : 
{
    "meta": {
        "message": "Application Description",
        "status": "success"
    },
    "data": {
        "App Author": "Azmi Farhan (Randy's Framework)",
        "App Description": "New Apex Gateway RESTful API",
        "App Name": "Apex Tools",
        "App Version": "1.0.0",
        "Port Listener": "3000"
    }
}
2022-09-05 22:25:57	[LOG]:	RECV, [::1]:53072, GET /api/v1/version, 
HEADER :
[User-Agent]=PostmanRuntime/7.29.2
[Content-Length]=0
empty body
2022-09-05 22:27:55	[LOG]:	Connecting to apex..
2022-09-05 22:27:55	[LOG]:	Connecting to apex_sys..
2022-09-05 22:27:55	[LOG]:	Database Connected
2022-09-05 22:27:55	[LOG]:	Service started
2022-09-05 22:27:55	[LOG]:	[HTTP] Listening at : 3000
2022-09-05 22:27:58	[LOG]:	RECV, /api/v1/institutions/1030, GET /api/v1/institutions/1030, 
HEADER :
[User-Agent]=PostmanRuntime/7.29.2
[Content-Length]=0
empty body
2022-09-05 22:27:58	[LOG]:	SEND, [::1]:51838, /api/v1/institutions/1030, 
RESPONSE : 
{
    "meta": {
        "message": "Get institution detail succeeded",
        "status": "success"
    },
    "data": {
        "kode_lkm": "1030",
        "vendor": "USSI Holding",
        "nama_lembaga": "BPRKS Azmira Sejahtera",
        "alamat": "Jl. Paseh Kaler no.17, Kabupaten Sumedang",
        "kontak": "09274636623",
        "apex_norek": "1030",
        "saldo_akhir": 0,
        "plafond": 0,
        "status_tab": "1"
    }
}
2022-09-05 22:28:43	[LOG]:	Connecting to apex..
2022-09-05 22:28:43	[LOG]:	Connecting to apex_sys..
2022-09-05 22:28:43	[LOG]:	Database Connected
2022-09-05 22:28:43	[LOG]:	Service started
2022-09-05 22:28:43	[LOG]:	[HTTP] Listening at : 3000
2022-09-05 22:28:46	[LOG]:	RECV, /api/v1/institutions/1030, GET /api/v1/institutions/1030, 
HEADER :
[User-Agent]=PostmanRuntime/7.29.2
[Content-Length]=0
empty body
2022-09-05 22:28:46	[LOG]:	SEND, [::1]:49314, /api/v1/institutions/1030, 
RESPONSE : 
{
    "meta": {
        "message": "Get institution detail succeeded",
        "status": "success"
    },
    "data": {
        "kode_lkm": "1030",
        "nama_lembaga": "BPRKS Azmira Sejahtera",
        "vendor": "USSI Holding",
        "alamat": "Jl. Paseh Kaler no.17, Kabupaten Sumedang",
        "kontak": "09274636623",
        "apex_norek": "1030",
        "saldo_akhir": 0,
        "plafond": 0,
        "status_tab": "1"
    }
}
2022-09-06 22:30:16	[LOG]:	Connecting to apex..
2022-09-06 22:30:16	[LOG]:	Connecting to apex_sys..
2022-09-06 22:30:16	[LOG]:	Database Connected
2022-09-06 22:30:16	[LOG]:	Service started
2022-09-06 22:30:16	[LOG]:	[HTTP] Listening at : 3000
2022-09-06 22:32:19	[LOG]:	RECV, [::1]:65001, PUT /api/v1/reset, 
HEADER :
[Content-Type]=multipart/form-data; boundary=--------------------------575705554888236618143078
[User-Agent]=PostmanRuntime/7.29.2
[Content-Length]=167

FORM :
[kode_lkm]=1030

2022-09-06 22:32:19	[LOG]:	SEND, [::1]:65001, /api/v1/reset, 
RESPONSE : 
{
    "meta": {
        "message": "Reset apex password succeeded",
        "status": "success"
    },
    "data": {
        "kode_lkm": "1030",
        "password_smec": "W97VJQE0"
    }
}
