2022-08-31 14:03:55	[ERR]:	(appio.go:12):	error while add nasabah : Error 1292: Incorrect date value: '0000-00-00' for column 'TGLLAHIR' at row 1
2022-08-31 14:15:24	[ERR]:	(appio.go:12):	error while add nasabah : Error 1292: Incorrect date value: '0000-00-00' for column 'TGLLAHIR' at row 1
2022-08-31 14:16:44	[ERR]:	(appio.go:12):	error while add nasabah : Error 1292: Incorrect date value: '0000-00-00' for column 'TGLLAHIR' at row 1
2022-08-31 14:17:40	[ERR]:	(appio.go:12):	error while prepare add nasabah : Error 1136: Column count doesn't match value count at row 1
2022-08-31 14:18:04	[ERR]:	(appio.go:12):	error while add nasabah : Error 1292: Incorrect date value: '0000-00-00' for column 'TGL_REGISTER' at row 1
2022-08-31 14:19:19	[ERR]:	(appio.go:12):	error while add nasabah : Error 1292: Incorrect date value: '0000-00-00' for column 'TGLLAHIR' at row 1
2022-08-31 14:20:26	[ERR]:	(appio.go:12):	error while add nasabah : Error 1292: Incorrect date value: '0000-00-00' for column 'TGLLAHIR' at row 1
2022-08-31 14:26:23	[ERR]:	(appio.go:12):	error while add nasabah : Error 1292: Incorrect date value: '0000-00-00' for column 'TGLLAHIR' at row 1
2022-08-31 14:34:48	[ERR]:	(appio.go:12):	error while add nasabah : Error 1292: Incorrect date value: '0000-00-00' for column 'TGLLAHIR' at row 1
2022-08-31 14:36:53	[ERR]:	(appio.go:12):	error while add nasabah : Error 1292: Incorrect date value: '0000-00-00' for column 'TGLLAHIR' at row 1
2022-08-31 14:42:36	[ERR]:	(appio.go:12):	error while add nasabah : Error 1292: Incorrect date value: '0000-00-00' for column 'TGLLAHIR' at row 1
2022-08-31 14:49:30	[ERR]:	(appio.go:12):	error while add nasabah : Error 1062: Duplicate entry '' for key 'PRIMARY'
2022-08-31 14:49:45	[ERR]:	(appio.go:12):	error while add nasabah : Error 1062: Duplicate entry '' for key 'PRIMARY'
2022-08-31 15:11:42	[ERR]:	(appio.go:12):	error while add nasabah : Error 1292: Incorrect date value: '0000-00-00' for column 'TGLLAHIR' at row 1
2022-08-31 15:13:01	[ERR]:	(appio.go:12):	error while prepare add nasabah : Error 1064: You have an error in your SQL syntax; check the manual that corresponds to your MySQL server version for the right syntax to use near ') VALUES(?,?,?,?,?,?,?,?,?,?,?,?,?,?,?,?,?,?,?,?,?,?,?,?,?,?,?,?,?,?,?,?,?,?,?,?' at line 39
2022-08-31 15:13:43	[ERR]:	(appio.go:12):	error while add nasabah : sql: expected 37 arguments, got 40
2022-08-31 15:14:18	[ERR]:	(appio.go:12):	error while add nasabah : Error 1062: Duplicate entry '' for key 'PRIMARY'
2022-08-31 15:15:44	[ERR]:	(appio.go:12):	error while add nasabah : Error 1062: Duplicate entry '' for key 'PRIMARY'
2022-08-31 15:55:47	[ERR]:	(appio.go:12):	error while add nasabah : Error 1062: Duplicate entry '' for key 'PRIMARY'
2022-08-31 15:56:57	[ERR]:	(appio.go:12):	error while add nasabah : Error 1062: Duplicate entry '' for key 'PRIMARY'
2022-08-31 15:57:12	[ERR]:	(appio.go:12):	error while add nasabah : Error 1062: Duplicate entry '' for key 'PRIMARY'
2022-08-31 16:20:27	[ERR]:	(appio.go:12):	error while prepare add nasabah : Error 1136: Column count doesn't match value count at row 1
2022-08-31 16:24:37	[ERR]:	(appio.go:12):	error while add nasabah : Error 1292: Incorrect date value: '0000-00-00' for column 'MASA_BERLAKU_KTP' at row 1
2022-08-31 17:47:58	[ERR]:	(appio.go:12):	error while add nasabah : Error 1062: Duplicate entry '0944' for key 'PRIMARY'
2022-08-31 17:52:24	[ERR]:	(appio.go:12):	error while add nasabah : Error 1062: Duplicate entry '0944' for key 'PRIMARY'
2022-08-31 18:28:59	[ERR]:	(appio.go:12):	error while add nasabah : Error 1062: Duplicate entry '0944' for key 'PRIMARY'
2022-08-31 18:32:45	[ERR]:	(appio.go:12):	error while add nasabah : Error 1062: Duplicate entry '0944' for key 'PRIMARY'
2022-08-31 18:33:27	[ERR]:	(appio.go:12):	error while add nasabah : Error 1062: Duplicate entry '0944' for key 'PRIMARY'
2022-08-31 18:33:49	[ERR]:	(appio.go:12):	error while add nasabah : Error 1062: Duplicate entry '0944' for key 'PRIMARY'
2022-08-31 18:37:43	[ERR]:	(appio.go:12):	error while add nasabah : Error 1062: Duplicate entry '' for key 'PRIMARY'
2022-08-31 18:38:04	[ERR]:	(appio.go:12):	error while add nasabah : Error 1062: Duplicate entry '' for key 'PRIMARY'
2022-08-31 18:46:57	[ERR]:	(appio.go:12):	error while add nasabah : Error 1062: Duplicate entry '' for key 'PRIMARY'
2022-09-01 13:08:42	[ERR]:	(appio.go:12):	error while add nasabah : Error 1146: Table 'integrasi_apex_ems.ibs_log_master' doesn't exist
2022-09-01 13:09:27	[ERR]:	(appio.go:12):	error while add nasabah : Error 1062: Duplicate entry '1030' for key 'PRIMARY'
2022-09-01 13:11:04	[ERR]:	(appio.go:12):	error while add nasabah : Error 1062: Duplicate entry '' for key 'PRIMARY'
2022-09-01 13:14:14	[ERR]:	(appio.go:12):	error while add nasabah : Error 1062: Duplicate entry '1030' for key 'PRIMARY'
2022-09-01 13:15:27	[ERR]:	(appio.go:12):	error while add nasabah : Error 1062: Duplicate entry '1030' for key 'PRIMARY'
2022-09-01 16:18:55	[ERR]:	(appio.go:12):	error while add nasabah : Error 1062: Duplicate entry '1030' for key 'PRIMARY'
2022-09-01 16:19:16	[ERR]:	(appio.go:12):	error while add tabung : Error 1062: Duplicate entry '' for key 'PRIMARY'
2022-09-01 16:29:49	[ERR]:	(appio.go:12):	error while add nasabah : Error 1062: Duplicate entry '' for key 'PRIMARY'
2022-09-01 16:32:13	[ERR]:	(appio.go:12):	error while add tabung : Error 1062: Duplicate entry '' for key 'PRIMARY'
2022-09-01 16:32:33	[ERR]:	(appio.go:12):	error while add tabung : Error 1062: Duplicate entry '' for key 'PRIMARY'
2022-09-01 17:08:15	[ERR]:	(appio.go:12):	error while add nasabah : Error 1062: Duplicate entry '' for key 'PRIMARY'
2022-09-02 09:52:36	[ERR]:	(main.go:91):	Cannot ping db1 :  dial tcp [::1]:3317: connectex: No connection could be made because the target machine actively refused it.
2022-09-02 10:03:25	[ERR]:	(appio.go:12):	error while add nasabah : Error 1062: Duplicate entry '1030' for key 'PRIMARY'
2022-09-02 10:03:26	[ERR]:	(appio.go:12):	error while add nasabah : Error 1062: Duplicate entry '1030' for key 'PRIMARY'
2022-09-02 10:03:27	[ERR]:	(appio.go:12):	error while add nasabah : Error 1062: Duplicate entry '1030' for key 'PRIMARY'
2022-09-02 10:03:27	[ERR]:	(appio.go:12):	error while add nasabah : Error 1062: Duplicate entry '1030' for key 'PRIMARY'
2022-09-02 10:03:28	[ERR]:	(appio.go:12):	error while add nasabah : Error 1062: Duplicate entry '1030' for key 'PRIMARY'
2022-09-02 10:03:29	[ERR]:	(appio.go:12):	error while add nasabah : Error 1062: Duplicate entry '1030' for key 'PRIMARY'
2022-09-02 10:44:57	[ERR]:	(appio.go:12):	error while add nasabah : Error 1062: Duplicate entry '1031' for key 'PRIMARY'
2022-09-02 10:45:04	[ERR]:	(appio.go:12):	error while add nasabah : Error 1062: Duplicate entry '1031' for key 'PRIMARY'
2022-09-02 10:45:05	[ERR]:	(appio.go:12):	error while add nasabah : Error 1062: Duplicate entry '1031' for key 'PRIMARY'
2022-09-02 10:45:06	[ERR]:	(appio.go:12):	error while add nasabah : Error 1062: Duplicate entry '1031' for key 'PRIMARY'
2022-09-02 10:45:07	[ERR]:	(appio.go:12):	error while add nasabah : Error 1062: Duplicate entry '1031' for key 'PRIMARY'
2022-09-02 10:46:59	[ERR]:	(appio.go:12):	error while add nasabah : Error 1062: Duplicate entry '1031' for key 'PRIMARY'
2022-09-02 10:48:54	[ERR]:	(appio.go:12):	error while add nasabah : Error 1062: Duplicate entry '1031' for key 'PRIMARY'
2022-09-02 10:55:43	[ERR]:	(appio.go:12):	error while add nasabah : Error 1062: Duplicate entry '1031' for key 'PRIMARY'
2022-09-02 11:14:50	[ERR]:	(appio.go:12):	error while add nasabah : Error 1062: Duplicate entry '1031' for key 'PRIMARY'
2022-09-02 11:15:39	[ERR]:	(appio.go:12):	error while add nasabah : Error 1062: Duplicate entry '1031' for key 'PRIMARY'
2022-09-02 12:56:04	[ERR]:	(appio.go:12):	error while add nasabah : Error 1062: Duplicate entry '' for key 'PRIMARY'
2022-09-02 13:08:58	[ERR]:	(appio.go:12):	error while add nasabah : Error 1062: Duplicate entry '1031' for key 'PRIMARY'
2022-09-02 13:59:16	[ERR]:	(appio.go:12):	error while add nasabah : Error 1062: Duplicate entry '1031' for key 'PRIMARY'
